{
  "stats": {
    "suites": 1,
    "tests": 14,
    "passes": 10,
    "pending": 0,
    "failures": 4,
    "start": "2024-05-21T18:04:42.181Z",
    "end": "2024-05-21T18:06:53.320Z",
    "duration": 131139,
    "testsRegistered": 14,
    "passPercent": 71.42857142857143,
    "pendingPercent": 0,
    "other": 0,
    "hasOther": false,
    "skipped": 0,
    "hasSkipped": false
  },
  "results": [
    {
      "uuid": "9954855a-c607-4581-bd81-213200393154",
      "title": "",
      "fullFile": "cypress\\e2e\\1-Belajar\\Lydia\\CreateAccount.cy.js",
      "file": "cypress\\e2e\\1-Belajar\\Lydia\\CreateAccount.cy.js",
      "beforeHooks": [],
      "afterHooks": [],
      "tests": [
        {
          "title": "TC - 01 Create Account Menggunakan Username dan Password Valid POSITIVE",
          "fullTitle": "TC - 01 Create Account Menggunakan Username dan Password Valid POSITIVE",
          "timedOut": null,
          "duration": 14699,
          "state": "failed",
          "speed": null,
          "pass": false,
          "fail": true,
          "pending": false,
          "context": null,
          "code": "cy.visit('https://magento.softwaretestingboard.com');\ncy.get('.panel > .header > :nth-child(3) > a').should(\"be.visible\").should(\"contain\", \"Create an Account\").click();\ncy.get('#firstname').type('Coba2');\ncy.get('#lastname').type('apaaja');\ncy.get('#email_address').type('cobaa999@gmail.com');\ncy.get('#password').type('coba123456@');\ncy.get('#password-confirmation').type('coba123456@');\ncy.get('#form-validate > .actions-toolbar > div.primary > .action > span').click().should(\"be.visible\").should(\"contain\", \"Create an Account\"); //cek tulisan create account\ncy.get('.message-success').should(\"be.visible\").should(\"contain\", \"Thank you for registering with Main Website Store\"); //Exspected result \ncy.get('#maincontent').should(\"be.visible\").should(\"contain\", \"My Account\"); // beralih ke halaman My Account",
          "err": {
            "message": "AssertionError: Timed out retrying after 4000ms: Expected to find element: `.message-success`, but never found it.",
            "estack": "AssertionError: Timed out retrying after 4000ms: Expected to find element: `.message-success`, but never found it.\n    at Context.eval (webpack://belajar_rabu_cypress/./cypress/e2e/1-Belajar/Lydia/CreateAccount.cy.js:11:31)",
            "diff": null
          },
          "uuid": "ed9b7770-f7d3-4e19-b339-9117ab9455cb",
          "parentUUID": "9954855a-c607-4581-bd81-213200393154",
          "isHook": false,
          "skipped": false
        }
      ],
      "suites": [
        {
          "uuid": "8c3faaac-a26f-430b-81fc-03d68eb9cc87",
          "title": "User Masuk Ke Halaman Create Account",
          "fullFile": "",
          "file": "",
          "beforeHooks": [],
          "afterHooks": [],
          "tests": [
            {
              "title": "TC - 02 Create Account tanpa memasukan password",
              "fullTitle": "User Masuk Ke Halaman Create Account TC - 02 Create Account tanpa memasukan password",
              "timedOut": null,
              "duration": 5228,
              "state": "passed",
              "speed": "medium",
              "pass": true,
              "fail": false,
              "pending": false,
              "context": null,
              "code": "cy.get(\".panel > .header > :nth-child(3) > a\").should(\"be.visible\").should(\"contain\", \"Create an Account\").click();\ncy.get('#firstname').type('coba2');\ncy.get('#lastname').type('apaja');\ncy.get('#email_address').type('coba111412113@gmail.com');\ncy.get('#form-validate > .actions-toolbar > div.primary > .action > span').click();\ncy.get('#password-error').should(\"be.visible\").should(\"contain\", \"This is a required field\"); //Menampilkan pesan password",
              "err": {},
              "uuid": "501dba01-db3e-4a0b-84fa-09fbfdf97379",
              "parentUUID": "8c3faaac-a26f-430b-81fc-03d68eb9cc87",
              "isHook": false,
              "skipped": false
            },
            {
              "title": "TC-03 TC - 03 User Create Account tanpa memasukan email muncul Notif error",
              "fullTitle": "User Masuk Ke Halaman Create Account TC-03 TC - 03 User Create Account tanpa memasukan email muncul Notif error",
              "timedOut": null,
              "duration": 6194,
              "state": "passed",
              "speed": "medium",
              "pass": true,
              "fail": false,
              "pending": false,
              "context": null,
              "code": "cy.get('.panel > .header > :nth-child(3) > a').click();\ncy.get('#password').type('coba12345678@');\ncy.get('#password-confirmation').type('coba12345678@');\ncy.get('#form-validate > .actions-toolbar > div.primary > .action > span').click();\ncy.get('#email_address-error').should(\"be.visible\").should(\"contain\", \"This is a required field\");",
              "err": {},
              "uuid": "b2655f08-0307-4f4e-97ba-d8a33ffc0c28",
              "parentUUID": "8c3faaac-a26f-430b-81fc-03d68eb9cc87",
              "isHook": false,
              "skipped": false
            },
            {
              "title": "TC-04 User Create Account Menggunakan Invalid Email",
              "fullTitle": "User Masuk Ke Halaman Create Account TC-04 User Create Account Menggunakan Invalid Email",
              "timedOut": null,
              "duration": 9796,
              "state": "passed",
              "speed": "medium",
              "pass": true,
              "fail": false,
              "pending": false,
              "context": null,
              "code": "cy.get('.panel > .header > :nth-child(3) > a').click();\ncy.get('#email_address').type('cobacoba@ppppp');\ncy.get('#password').type('abcd1234@');\ncy.get('#password-confirmation').type('abcd1234@');\ncy.get('#form-validate > .actions-toolbar > div.primary > .action > span').click();\ncy.wait(5000);\ncy.get('#email_address-error').should(\"be.visible\").should(\"contain\", \"Please enter a valid email address (Ex: johndoe@domain.com).\");",
              "err": {},
              "uuid": "45237e83-a526-4b9b-a0c4-a013faef5b2a",
              "parentUUID": "8c3faaac-a26f-430b-81fc-03d68eb9cc87",
              "isHook": false,
              "skipped": false
            },
            {
              "title": "TC-05 User Create Account menggnakan password huruf",
              "fullTitle": "User Masuk Ke Halaman Create Account TC-05 User Create Account menggnakan password huruf",
              "timedOut": null,
              "duration": 7004,
              "state": "passed",
              "speed": "medium",
              "pass": true,
              "fail": false,
              "pending": false,
              "context": null,
              "code": "cy.get('.panel > .header > :nth-child(3) > a').click();\ncy.get('#email_address').type('coba1221134612271@gamil.com');\ncy.get('#password').type('lydia');\ncy.get('#password-confirmation').type('lydia');\ncy.get('#form-validate > .actions-toolbar > div.primary > .action > span').click();\ncy.get('#password-error').should(\"be.visible\").should(\"contain\", \"Minimum length of this field must be equal or greater than 8 symbols. Leading and trailing spaces will be ignored.\");",
              "err": {},
              "uuid": "75546b2d-7713-4e21-8e87-96f3175fa341",
              "parentUUID": "8c3faaac-a26f-430b-81fc-03d68eb9cc87",
              "isHook": false,
              "skipped": false
            },
            {
              "title": "TC-06 User create account memasukan password dengan angka",
              "fullTitle": "User Masuk Ke Halaman Create Account TC-06 User create account memasukan password dengan angka",
              "timedOut": null,
              "duration": 7027,
              "state": "passed",
              "speed": "medium",
              "pass": true,
              "fail": false,
              "pending": false,
              "context": null,
              "code": "cy.get('.panel > .header > :nth-child(3) > a').click();\ncy.get('#firstname').type('cobacoba');\ncy.get('#lastname').type('apaaja');\ncy.get('#email_address').type('coba1111112@gmail.com');\ncy.get('#password').type('1234567890');\ncy.get('#password-confirmation').type('1234567890');\ncy.get('#form-validate > .actions-toolbar > div.primary > .action > span').click();\ncy.get('#password-error').should(\"be.visible\").should(\"contain\", \"Minimum of different classes of characters in password is 3. Classes of characters: Lower Case, Upper Case, Digits, Special Characters.\");",
              "err": {},
              "uuid": "2fec0005-9e99-488c-9e6d-16e9f477f887",
              "parentUUID": "8c3faaac-a26f-430b-81fc-03d68eb9cc87",
              "isHook": false,
              "skipped": false
            },
            {
              "title": "TC-07 User Ceate account memasukan password dengan symbol",
              "fullTitle": "User Masuk Ke Halaman Create Account TC-07 User Ceate account memasukan password dengan symbol",
              "timedOut": null,
              "duration": 5569,
              "state": "passed",
              "speed": "medium",
              "pass": true,
              "fail": false,
              "pending": false,
              "context": null,
              "code": "cy.get('.panel > .header > :nth-child(3) > a').click();\ncy.get('#firstname').type('cobacoba');\ncy.get('#lastname').type('apaaja');\ncy.get('#email_address').type('coba2122111@gmail.com');\ncy.get('#password').type('!!!!!!!');\ncy.get('#password-confirmation').type('!!!!!!!');\ncy.get('#form-validate > .actions-toolbar > div.primary > .action > span').click();\ncy.get('#password-error').should(\"be.visible\").should(\"contain\", \"Minimum length of this field must be equal or greater than 8 symbols. Leading and trailing spaces will be ignored.\");",
              "err": {},
              "uuid": "dcd02327-e827-4f9c-8855-3095fbe8f103",
              "parentUUID": "8c3faaac-a26f-430b-81fc-03d68eb9cc87",
              "isHook": false,
              "skipped": false
            },
            {
              "title": "TC-08 User Tidak Bisa mendaftarkan account dengan email yang sudah terdaftar",
              "fullTitle": "User Masuk Ke Halaman Create Account TC-08 User Tidak Bisa mendaftarkan account dengan email yang sudah terdaftar",
              "timedOut": null,
              "duration": 10725,
              "state": "passed",
              "speed": "slow",
              "pass": true,
              "fail": false,
              "pending": false,
              "context": null,
              "code": "cy.get('.panel.wrapper > .panel').click();\ncy.get('.panel > .header > :nth-child(3) > a').click();\ncy.get('#form-validate > .account > :nth-child(3)').click();\ncy.get('#firstname').type('cobacoba');\ncy.get('#lastname').type('apaaja');\ncy.get('#email_address').type('coba2122111@gmail.com');\ncy.get('#password').type('coba123456@');\ncy.get('#password-confirmation').type('coba123456@');\ncy.get('#form-validate > .actions-toolbar > div.primary > .action > span').click();\ncy.get('.message-error').should(\"be.visible\").should(\"contain\", \"There is already an account with this email address. If you are sure that it is your email address, click here to get your password and access your account.\");",
              "err": {},
              "uuid": "94bc9891-9434-45ec-af34-3c1fdfdbd7c1",
              "parentUUID": "8c3faaac-a26f-430b-81fc-03d68eb9cc87",
              "isHook": false,
              "skipped": false
            },
            {
              "title": "TC-09 User tidak bisa mendaftarkan email yang tidak ada domainnya",
              "fullTitle": "User Masuk Ke Halaman Create Account TC-09 User tidak bisa mendaftarkan email yang tidak ada domainnya",
              "timedOut": null,
              "duration": 7378,
              "state": "failed",
              "speed": null,
              "pass": false,
              "fail": true,
              "pending": false,
              "context": null,
              "code": "cy.get('.panel > .header > :nth-child(3) > a').click();\ncy.get('#firstname').type('cobacoba');\ncy.get('#lastname').type('apaaja');\ncy.get('#email_address').clear('coba21221@');\ncy.get('#email_address').type('coba21221@');\ncy.get('#password').type('coba123456@');\ncy.get('#password-confirmation').type('coba123456@');\ncy.get('#form-validate > .actions-toolbar > div.primary > .action > span').click();\ncy.get('#email_address-error').should(\"be.visible\").should(\"contain\", \"Please enter a valid email address (Ex: johndoe@domain.com).\");",
              "err": {
                "message": "AssertionError: Timed out retrying after 4000ms: Expected to find element: `#firstname`, but never found it.",
                "estack": "AssertionError: Timed out retrying after 4000ms: Expected to find element: `#firstname`, but never found it.\n    at Context.eval (webpack://belajar_rabu_cypress/./cypress/e2e/1-Belajar/Lydia/CreateAccount.cy.js:113:7)",
                "diff": null
              },
              "uuid": "e5776a43-b8d4-49b6-83dd-d4bb148eaf6b",
              "parentUUID": "8c3faaac-a26f-430b-81fc-03d68eb9cc87",
              "isHook": false,
              "skipped": false
            },
            {
              "title": "TC-10 User tidak dapat login jika semua kolom kosong",
              "fullTitle": "User Masuk Ke Halaman Create Account TC-10 User tidak dapat login jika semua kolom kosong",
              "timedOut": null,
              "duration": 9447,
              "state": "passed",
              "speed": "medium",
              "pass": true,
              "fail": false,
              "pending": false,
              "context": null,
              "code": "cy.get('.panel > .header > :nth-child(3) > a').click();\ncy.get('#form-validate > .actions-toolbar > div.primary > .action > span').click();\ncy.wait(5000);\ncy.get('#firstname-error').should(\"be.visible\").should(\"contain\", \"This is a required field.\");",
              "err": {},
              "uuid": "be07ddde-4cd4-494d-bd9a-92e04f7f8157",
              "parentUUID": "8c3faaac-a26f-430b-81fc-03d68eb9cc87",
              "isHook": false,
              "skipped": false
            },
            {
              "title": "TC-11 User masukin password kategori lemah",
              "fullTitle": "User Masuk Ke Halaman Create Account TC-11 User masukin password kategori lemah",
              "timedOut": null,
              "duration": 12562,
              "state": "failed",
              "speed": null,
              "pass": false,
              "fail": true,
              "pending": false,
              "context": null,
              "code": "cy.get('.panel > .header > :nth-child(3) > a').click();\ncy.get('#firstname').type('cobacoba');\ncy.get('#lastname').type('belajar');\ncy.get('#email_address').type('cobabelajar@gmail.com');\ncy.get('#password').type('abc123');\ncy.get('#password-confirmation').type('abc123');\ncy.get('#form-validate > .actions-toolbar > div.primary > .action > span').click();\ncy.get('#password-strength-meter').should(\"be.visible\").should(\"contain\", \"Password Strength: Weak\");\ncy.get('#password-error').should(\"be.visible\").should(\"contain\", \"Minimum length of this field must be equal or greater than 8 symbols. Leading and trailing spaces will be ignored.\");",
              "err": {
                "message": "AssertionError: Timed out retrying after 4000ms: expected '<div#password-strength-meter.password-strength-meter>' to contain 'Password Strength: Weak'",
                "estack": "AssertionError: Timed out retrying after 4000ms: expected '<div#password-strength-meter.password-strength-meter>' to contain 'Password Strength: Weak'\n    at Context.eval (webpack://belajar_rabu_cypress/./cypress/e2e/1-Belajar/Lydia/CreateAccount.cy.js:140:60)",
                "diff": null
              },
              "uuid": "6a2025da-fa3f-4309-8070-205e2be74c15",
              "parentUUID": "8c3faaac-a26f-430b-81fc-03d68eb9cc87",
              "isHook": false,
              "skipped": false
            },
            {
              "title": "TC-12 User tidak memasukan email muncul notif error ",
              "fullTitle": "User Masuk Ke Halaman Create Account TC-12 User tidak memasukan email muncul notif error ",
              "timedOut": null,
              "duration": 8650,
              "state": "passed",
              "speed": "medium",
              "pass": true,
              "fail": false,
              "pending": false,
              "context": null,
              "code": "cy.get('.panel > .header > :nth-child(3) > a').click();\ncy.get('#firstname').type('coba');\ncy.get('#lastname').type('belajar');\ncy.get('#password').type('cobabelajar123456@');\ncy.get('#password-confirmation').type('cobabelajar123456@');\ncy.get('#form-validate > .actions-toolbar > div.primary > .action > span').click();\ncy.get('#email_address-error').should(\"be.visible\").should(\"contain\", \"This is a required field.\");",
              "err": {},
              "uuid": "425505b8-f075-462e-93ec-93cc0d1fe924",
              "parentUUID": "8c3faaac-a26f-430b-81fc-03d68eb9cc87",
              "isHook": false,
              "skipped": false
            },
            {
              "title": "TC-13 User tidak memasukan first name",
              "fullTitle": "User Masuk Ke Halaman Create Account TC-13 User tidak memasukan first name",
              "timedOut": null,
              "duration": 7643,
              "state": "passed",
              "speed": "medium",
              "pass": true,
              "fail": false,
              "pending": false,
              "context": null,
              "code": "cy.get('.panel > .header > :nth-child(3) > a').click();\ncy.get('#lastname').type('belajar');\ncy.get('#email_address').type('cobabelajar1@gmail.com');\ncy.get('#password').type('coba123456@');\ncy.get('#password-confirmation').type('coba123456@');\ncy.get('#form-validate > .actions-toolbar > div.primary > .action > span').click();\ncy.get('#firstname-error').should(\"be.visible\").should(\"contain\", \"This is a required field.\");",
              "err": {},
              "uuid": "a56a6217-2652-474e-8f10-495efaa5d9a3",
              "parentUUID": "8c3faaac-a26f-430b-81fc-03d68eb9cc87",
              "isHook": false,
              "skipped": false
            },
            {
              "title": "TC-14 User tidak memasukan first name",
              "fullTitle": "User Masuk Ke Halaman Create Account TC-14 User tidak memasukan first name",
              "timedOut": null,
              "duration": 11276,
              "state": "failed",
              "speed": null,
              "pass": false,
              "fail": true,
              "pending": false,
              "context": null,
              "code": "cy.get('.panel > .header > :nth-child(3) > a').click();\ncy.get('#firstname').type('coba');\ncy.get('#email_address').type('cobabelajar1@gmail.com');\ncy.get('#password').type('coba123456@');\ncy.get('#password-confirmation').type('coba123456@');\ncy.get('#form-validate > .actions-toolbar > div.primary > .action > span').click();\ncy.get('#firstname-error').should(\"be.visible\").should(\"contain\", \"This is a required field.\");",
              "err": {
                "message": "AssertionError: Timed out retrying after 4000ms: Expected to find element: `#firstname-error`, but never found it.",
                "estack": "AssertionError: Timed out retrying after 4000ms: Expected to find element: `#firstname-error`, but never found it.\n    at Context.eval (webpack://belajar_rabu_cypress/./cypress/e2e/1-Belajar/Lydia/CreateAccount.cy.js:174:33)",
                "diff": null
              },
              "uuid": "68cbbc8a-4e3c-4453-b231-b4bdbe0abb9c",
              "parentUUID": "8c3faaac-a26f-430b-81fc-03d68eb9cc87",
              "isHook": false,
              "skipped": false
            }
          ],
          "suites": [],
          "passes": [
            "501dba01-db3e-4a0b-84fa-09fbfdf97379",
            "b2655f08-0307-4f4e-97ba-d8a33ffc0c28",
            "45237e83-a526-4b9b-a0c4-a013faef5b2a",
            "75546b2d-7713-4e21-8e87-96f3175fa341",
            "2fec0005-9e99-488c-9e6d-16e9f477f887",
            "dcd02327-e827-4f9c-8855-3095fbe8f103",
            "94bc9891-9434-45ec-af34-3c1fdfdbd7c1",
            "be07ddde-4cd4-494d-bd9a-92e04f7f8157",
            "425505b8-f075-462e-93ec-93cc0d1fe924",
            "a56a6217-2652-474e-8f10-495efaa5d9a3"
          ],
          "failures": [
            "e5776a43-b8d4-49b6-83dd-d4bb148eaf6b",
            "6a2025da-fa3f-4309-8070-205e2be74c15",
            "68cbbc8a-4e3c-4453-b231-b4bdbe0abb9c"
          ],
          "pending": [],
          "skipped": [],
          "duration": 108499,
          "root": false,
          "rootEmpty": false,
          "_timeout": 2000
        }
      ],
      "passes": [],
      "failures": [
        "ed9b7770-f7d3-4e19-b339-9117ab9455cb"
      ],
      "pending": [],
      "skipped": [],
      "duration": 14699,
      "root": true,
      "rootEmpty": false,
      "_timeout": 2000
    }
  ],
  "meta": {
    "mocha": {
      "version": "7.0.1"
    },
    "mochawesome": {
      "options": {
        "quiet": false,
        "reportFilename": "mochawesome",
        "saveHtml": false,
        "saveJson": true,
        "consoleReporter": "spec",
        "useInlineDiffs": false,
        "code": true
      },
      "version": "7.1.3"
    },
    "marge": {
      "options": {
        "reporterEnabled": "mochawesome",
        "mochawesomeReporterOptions": {
          "reportDir": "cypress/reports",
          "quiet": true,
          "overwrite": true,
          "html": true,
          "json": true,
          "embeddedScreenshots": true,
          "charts": true,
          "reportPageTitle": "Cypress Inline Report",
          "inlineAssets": true
        },
        "overwrite": false,
        "html": false,
        "json": true,
        "reportDir": "cypress\\reports\\html\\.jsons"
      },
      "version": "6.2.0"
    }
  }
}